<?xml version="1.0" encoding="UTF-8"?>
<testng-results ignored="0" total="1" passed="1" failed="0" skipped="0">
  <reporter-output>
  </reporter-output>
  <suite started-at="2024-07-22T18:09:38 UTC" name="Default suite" finished-at="2024-07-22T18:09:43 UTC" duration-ms="4975">
    <groups>
    </groups>
    <test started-at="2024-07-22T18:09:38 UTC" name="Default test" finished-at="2024-07-22T18:09:43 UTC" duration-ms="4975">
      <class name="com.guru99.test.GoogleSearchTest">
        <test-method is-config="true" signature="setUp()[pri:0, instance:com.guru99.test.GoogleSearchTest@4da4253]" started-at="2024-07-22T18:09:38 UTC" name="setUp" finished-at="2024-07-22T18:09:40 UTC" duration-ms="1525" status="PASS">
          <reporter-output>
          </reporter-output>
        </test-method> <!-- setUp -->
        <test-method signature="testGoogleSearch()[pri:0, instance:com.guru99.test.GoogleSearchTest@4da4253]" started-at="2024-07-22T18:09:40 UTC" name="testGoogleSearch" finished-at="2024-07-22T18:09:43 UTC" duration-ms="3270" status="PASS">
          <reporter-output>
          </reporter-output>
        </test-method> <!-- testGoogleSearch -->
        <test-method is-config="true" signature="tearDown()[pri:0, instance:com.guru99.test.GoogleSearchTest@4da4253]" started-at="2024-07-22T18:09:43 UTC" name="tearDown" finished-at="2024-07-22T18:09:43 UTC" duration-ms="107" status="PASS">
          <reporter-output>
          </reporter-output>
        </test-method> <!-- tearDown -->
      </class> <!-- com.guru99.test.GoogleSearchTest -->
    </test> <!-- Default test -->
  </suite> <!-- Default suite -->
</testng-results>
